app/build/intermediates/manifest_merge_blame_file/x86Release/processX86ReleaseMainManifest/manifest-merger-blame-x86-release-report.txt
1<?xml version="1.0" encoding="utf-8"?>
2<manifest xmlns:android="http://schemas.android.com/apk/res/android"
3    package="com.liunx.terminal"
4    android:versionCode="3"
5    android:versionName="1.9-x86" >
6
7    <uses-sdk
8        android:minSdkVersion="16"
9        android:targetSdkVersion="28" />
10
11    <uses-permission android:name="android.permission.READ_EXTERNAL_STORAGE" />
11-->src/main/AndroidManifest.xml:5:3-78
11-->src/main/AndroidManifest.xml:5:20-75
12    <uses-permission android:name="android.permission.WRITE_EXTERNAL_STORAGE" />
12-->src/main/AndroidManifest.xml:6:3-79
12-->src/main/AndroidManifest.xml:6:20-76
13
14    <application
14-->src/main/AndroidManifest.xml:8:3-25:17
15        android:allowBackup="false"
15-->src/main/AndroidManifest.xml:9:5-32
16        android:extractNativeLibs="true"
17        android:importantForAutofill="no"
17-->src/main/AndroidManifest.xml:13:5-38
18        android:label="@string/app_name"
18-->src/main/AndroidManifest.xml:10:5-37
19        android:requestLegacyExternalStorage="true"
19-->src/main/AndroidManifest.xml:12:5-48
20        android:theme="@android:style/Theme.Material.Light.NoActionBar" >
20-->src/main/AndroidManifest.xml:11:5-68
21        <activity
21-->src/main/AndroidManifest.xml:15:5-24:16
22            android:name="com.liunx.terminal.MainActivity"
22-->src/main/AndroidManifest.xml:16:7-35
23            android:exported="true"
23-->src/main/AndroidManifest.xml:17:7-30
24            android:importantForAutofill="no"
24-->src/main/AndroidManifest.xml:18:7-40
25            android:windowSoftInputMode="adjustResize" >
25-->src/main/AndroidManifest.xml:19:7-49
26            <intent-filter>
26-->src/main/AndroidManifest.xml:20:7-23:23
27                <action android:name="android.intent.action.MAIN" />
27-->src/main/AndroidManifest.xml:21:9-61
27-->src/main/AndroidManifest.xml:21:17-58
28
29                <category android:name="android.intent.category.LAUNCHER" />
29-->src/main/AndroidManifest.xml:22:9-69
29-->src/main/AndroidManifest.xml:22:19-66
30            </intent-filter>
31        </activity>
32    </application>
33
34</manifest>